<?xml version="1.0" encoding="UTF-8"?>
<!-- Generated by org.testng.reporters.JUnitReportReporter -->
<testsuite skipped="0" hostname="LAPTOP-NLMRCDTF" name="tests.TClogin" tests="1" failures="0" timestamp="23 Jun 2020 09:54:36 GMT" time="8.356" errors="0">
  <testcase name="login" time="8.356" classname="tests.TClogin"/>
</testsuite> <!-- tests.TClogin -->
