<?xml version="1.0" encoding="UTF-8"?>
<!-- Generated by org.testng.reporters.JUnitReportReporter -->
<testsuite skipped="0" hostname="LAPTOP-NLMRCDTF" name="tests.TC001" tests="1" failures="0" timestamp="25 Jun 2020 14:04:14 GMT" time="23.676" errors="0">
  <testcase name="creatingATask" time="23.676" classname="tests.TC001"/>
</testsuite> <!-- tests.TC001 -->
