<?xml version="1.0" encoding="UTF-8"?>
<!-- Generated by org.testng.reporters.JUnitReportReporter -->
<testsuite skipped="0" hostname="DESKTOP-LE0RCJ6" name="testcases.KTC001" tests="1" failures="0" timestamp="2020-07-30T23:26:59 IST" time="60.960" errors="0">
  <testcase name="scrollpage" time="60.960" classname="testcases.KTC001"/>
  <system-out/>
</testsuite> <!-- testcases.KTC001 -->
