<?xml version="1.0" encoding="UTF-8"?>
<!-- Generated by org.testng.reporters.JUnitReportReporter -->
<testsuite skipped="0" hostname="vinay" name="com.actitime.TestCases.TestCase_TC001" tests="1" failures="0" timestamp="2020-06-23T13:40:45 IST" time="14.980" errors="0">
  <testcase name="test1" time="14.980" classname="com.actitime.TestCases.TestCase_TC001"/>
  <system-out>
Clicked on Users module Clicked on new user button Provided required details Selected the department Selected date Selected Overtime Tracking option clicked on save & send Invitation button New user is added Successfully and able to see the new user in the userlist page  </system-out>
</testsuite> <!-- com.actitime.TestCases.TestCase_TC001 -->
